Tcp connected

rv of SSL_connect is 1
Connected with AES256-GCM-SHA384 encryption
Digital certificate information:
Certificate: /C=CH/ST=BEIJING/L=Default City/O=Default Company Ltd/CN=nidadmin
Issuer: /C=CH/ST=BEIJING/L=Default City/O=Default Company Ltd/CN=nidadmin


**********************************
::----->ff02::1:ff21:ce3f
targetip:2001:da8:266:f715:7cfe:9c6a:3221:ce3f
ns报文 返回0
print ip:::--->ff02::1:ff21:ce3f
target_addr:2001:da8:266:f715:7cfe:9c6a:3221:ce3f
dad_mysql_login_my
mysql_init sucess
mysql_login_my success
dad_mysql_query
str=SELECT username FROM radpostauth WHERE callingstationid='84-ef-18-1d-3a-71' ORDER BY authdate DESC
dad_mysql_get_user username:test@id.edu.cn
Tcp connected

rv of SSL_connect is 1
Connected with AES256-GCM-SHA384 encryption
Digital certificate information:
Certificate: /C=CH/ST=BEIJING/L=Default City/O=Default Company Ltd/CN=nidadmin
Issuer: /C=CH/ST=BEIJING/L=Default City/O=Default Company Ltd/CN=nidadmin
Before SSl_write , time is Wed Jun 27 23:12:24 2018

After SSl_write , time is Wed Jun 27 23:12:24 2018



**********************************
::----->ff02::1:ff77:aa8d
targetip:2001:da8:266:f715:109a:4d5:ec77:aa8d
ns报文 返回0
print ip:::--->ff02::1:ff77:aa8d
target_addr:2001:da8:266:f715:109a:4d5:ec77:aa8d
dad_mysql_login_my
mysql_init sucess
mysql_login_my success
dad_mysql_query
str=SELECT username FROM radpostauth WHERE callingstationid='84-ef-18-1d-3a-71' ORDER BY authdate DESC
dad_mysql_get_user username:test@id.edu.cn
Tcp connected

rv of SSL_connect is 1
Connected with AES256-GCM-SHA384 encryption
Digital certificate information:
Certificate: /C=CH/ST=BEIJING/L=Default City/O=Default Company Ltd/CN=nidadmin
Issuer: /C=CH/ST=BEIJING/L=Default City/O=Default Company Ltd/CN=nidadmin
Before SSl_write , time is Wed Jun 27 23:12:24 2018

After SSl_write , time is Wed Jun 27 23:12:24 2018



**********************************
2001:da8:266:f715:7cfe:9c6a:3221:ce3f----->ff02::1
targetip:2001:da8:266:f715:7cfe:9c6a:3221:ce3f
targetip前两个字节target_str:2001:
na报文 返回0
print ip:2001:da8:266:f715:7cfe:9c6a:3221:ce3f--->ff02::1
target_addr:2001:da8:266:f715:7cfe:9c6a:3221:ce3f
dad_mysql_login_my
mysql_init sucess
mysql_login_my success
dad_mysql_query
str=SELECT username FROM radpostauth WHERE callingstationid='84-ef-18-1d-3a-71' ORDER BY authdate DESC
dad_mysql_get_user username:test@id.edu.cn
Tcp connected

rv of SSL_connect is 1
Connected with AES256-GCM-SHA384 encryption
Digital certificate information:
Certificate: /C=CH/ST=BEIJING/L=Default City/O=Default Company Ltd/CN=nidadmin
Issuer: /C=CH/ST=BEIJING/L=Default City/O=Default Company Ltd/CN=nidadmin
Before SSl_write , time is Wed Jun 27 23:12:25 2018

After SSl_write , time is Wed Jun 27 23:12:25 2018



**********************************
2001:da8:266:f715:109a:4d5:ec77:aa8d----->ff02::1
targetip:2001:da8:266:f715:109a:4d5:ec77:aa8d
targetip前两个字节target_str:2001:
na报文 返回0
print ip:2001:da8:266:f715:109a:4d5:ec77:aa8d--->ff02::1
target_addr:2001:da8:266:f715:109a:4d5:ec77:aa8d
dad_mysql_login_my
mysql_init sucess
mysql_login_my success
dad_mysql_query
str=SELECT username FROM radpostauth WHERE callingstationid='84-ef-18-1d-3a-71' ORDER BY authdate DESC
dad_mysql_get_user username:test@id.edu.cn
Tcp connected

rv of SSL_connect is 1
Connected with AES256-GCM-SHA384 encryption
Digital certificate information:
Certificate: /C=CH/ST=BEIJING/L=Default City/O=Default Company Ltd/CN=nidadmin
Issuer: /C=CH/ST=BEIJING/L=Default City/O=Default Company Ltd/CN=nidadmin
Before SSl_write , time is Wed Jun 27 23:12:25 2018

After SSl_write , time is Wed Jun 27 23:12:25 2018



**********************************
::----->ff02::1:ffc6:ac6
targetip:2001:da8:266:f715:1485:283f:d7c6:ac6
ns报文 返回0
print ip:::--->ff02::1:ffc6:ac6
target_addr:2001:da8:266:f715:1485:283f:d7c6:ac6
dad_mysql_login_my
mysql_init sucess
mysql_login_my success
dad_mysql_query
str=SELECT username FROM radpostauth WHERE callingstationid='2c-b4-3a-90-81-7a' ORDER BY authdate DESC
dad_mysql_get_user username:test@id.edu.cn
Tcp connected

rv of SSL_connect is 1
Connected with AES256-GCM-SHA384 encryption
Digital certificate information:
Certificate: /C=CH/ST=BEIJING/L=Default City/O=Default Company Ltd/CN=nidadmin
Issuer: /C=CH/ST=BEIJING/L=Default City/O=Default Company Ltd/CN=nidadmin
Before SSl_write , time is Wed Jun 27 23:13:45 2018

After SSl_write , time is Wed Jun 27 23:13:45 2018



**********************************
::----->ff02::1:ff5e:b3c3
targetip:2001:da8:266:f715:b8bc:2f99:945e:b3c3
ns报文 返回0
print ip:::--->ff02::1:ff5e:b3c3
target_addr:2001:da8:266:f715:b8bc:2f99:945e:b3c3
dad_mysql_login_my
mysql_init sucess
mysql_login_my success
dad_mysql_query
str=SELECT username FROM radpostauth WHERE callingstationid='2c-b4-3a-90-81-7a' ORDER BY authdate DESC
dad_mysql_get_user username:test@id.edu.cn
Tcp connected

rv of SSL_connect is 1
Connected with AES256-GCM-SHA384 encryption
Digital certificate information:
Certificate: /C=CH/ST=BEIJING/L=Default City/O=Default Company Ltd/CN=nidadmin
Issuer: /C=CH/ST=BEIJING/L=Default City/O=Default Company Ltd/CN=nidadmin
Before SSl_write , time is Wed Jun 27 23:13:45 2018

After SSl_write , time is Wed Jun 27 23:13:45 2018



**********************************
::----->ff02::1:ff34:c955
targetip:2001:da8:266:f715:8eeb:c6ff:fe34:c955
ns报文 返回0
print ip:::--->ff02::1:ff34:c955
target_addr:2001:da8:266:f715:8eeb:c6ff:fe34:c955
dad_mysql_login_my
mysql_init sucess
mysql_login_my success
dad_mysql_query
str=SELECT username FROM radpostauth WHERE callingstationid='8c-eb-c6-34-c9-55' ORDER BY authdate DESC
dad_mysql_get_user username:test@id.edu.cn
Tcp connected

rv of SSL_connect is 1
Connected with AES256-GCM-SHA384 encryption
Digital certificate information:
Certificate: /C=CH/ST=BEIJING/L=Default City/O=Default Company Ltd/CN=nidadmin
Issuer: /C=CH/ST=BEIJING/L=Default City/O=Default Company Ltd/CN=nidadmin
Before SSl_write , time is Wed Jun 27 23:35:09 2018

After SSl_write , time is Wed Jun 27 23:35:09 2018



**********************************
::----->ff02::1:ffdf:5fa9
targetip:2001:da8:266:f715:81bd:2f7:18df:5fa9
ns报文 返回0
print ip:::--->ff02::1:ffdf:5fa9
target_addr:2001:da8:266:f715:81bd:2f7:18df:5fa9
dad_mysql_login_my
mysql_init sucess
mysql_login_my success
dad_mysql_query
str=SELECT username FROM radpostauth WHERE callingstationid='8c-eb-c6-34-c9-55' ORDER BY authdate DESC
dad_mysql_get_user username:test@id.edu.cn
Tcp connected

rv of SSL_connect is 1
Connected with AES256-GCM-SHA384 encryption
Digital certificate information:
Certificate: /C=CH/ST=BEIJING/L=Default City/O=Default Company Ltd/CN=nidadmin
Issuer: /C=CH/ST=BEIJING/L=Default City/O=Default Company Ltd/CN=nidadmin
Before SSl_write , time is Wed Jun 27 23:35:09 2018

After SSl_write , time is Wed Jun 27 23:35:09 2018



**********************************
::----->ff02::1:ff17:6315
targetip:2001:da8:266:f715:6005:64d0:9b17:6315
ns报文 返回0
print ip:::--->ff02::1:ff17:6315
target_addr:2001:da8:266:f715:6005:64d0:9b17:6315
dad_mysql_login_my
mysql_init sucess
mysql_login_my success
dad_mysql_query
str=SELECT username FROM radpostauth WHERE callingstationid='34-23-87-cf-3b-7f' ORDER BY authdate DESC
dad_mysql_get_user username:test@id.edu.cn
Tcp connected

rv of SSL_connect is 1
Connected with AES256-GCM-SHA384 encryption
Digital certificate information:
Certificate: /C=CH/ST=BEIJING/L=Default City/O=Default Company Ltd/CN=nidadmin
Issuer: /C=CH/ST=BEIJING/L=Default City/O=Default Company Ltd/CN=nidadmin
Before SSl_write , time is Thu Jun 28 00:17:29 2018

After SSl_write , time is Thu Jun 28 00:17:29 2018



**********************************
::----->ff02::1:ff02:ad1a
targetip:2001:da8:266:f715:e034:110c:a402:ad1a
ns报文 返回0
print ip:::--->ff02::1:ff02:ad1a
target_addr:2001:da8:266:f715:e034:110c:a402:ad1a
dad_mysql_login_my
mysql_init sucess
mysql_login_my success
dad_mysql_query
str=SELECT username FROM radpostauth WHERE callingstationid='34-23-87-cf-3b-7f' ORDER BY authdate DESC
dad_mysql_get_user username:test@id.edu.cn
Tcp connected

rv of SSL_connect is 1
Connected with AES256-GCM-SHA384 encryption
Digital certificate information:
Certificate: /C=CH/ST=BEIJING/L=Default City/O=Default Company Ltd/CN=nidadmin
Issuer: /C=CH/ST=BEIJING/L=Default City/O=Default Company Ltd/CN=nidadmin
Before SSl_write , time is Thu Jun 28 00:17:29 2018

After SSl_write , time is Thu Jun 28 00:17:29 2018



**********************************
2001:da8:266:f715:6005:64d0:9b17:6315----->ff02::1
targetip:2001:da8:266:f715:6005:64d0:9b17:6315
targetip前两个字节target_str:2001:
na报文 返回0
print ip:2001:da8:266:f715:6005:64d0:9b17:6315--->ff02::1
target_addr:2001:da8:266:f715:6005:64d0:9b17:6315
dad_mysql_login_my
mysql_init sucess
mysql_login_my success
dad_mysql_query
str=SELECT username FROM radpostauth WHERE callingstationid='34-23-87-cf-3b-7f' ORDER BY authdate DESC
dad_mysql_get_user username:test@id.edu.cn
Tcp connected

rv of SSL_connect is 1
Connected with AES256-GCM-SHA384 encryption
Digital certificate information:
Certificate: /C=CH/ST=BEIJING/L=Default City/O=Default Company Ltd/CN=nidadmin
Issuer: /C=CH/ST=BEIJING/L=Default City/O=Default Company Ltd/CN=nidadmin
Before SSl_write , time is Thu Jun 28 00:17:30 2018

After SSl_write , time is Thu Jun 28 00:17:30 2018



**********************************
2001:da8:266:f715:e034:110c:a402:ad1a----->ff02::1
targetip:2001:da8:266:f715:e034:110c:a402:ad1a
targetip前两个字节target_str:2001:
na报文 返回0
print ip:2001:da8:266:f715:e034:110c:a402:ad1a--->ff02::1
target_addr:2001:da8:266:f715:e034:110c:a402:ad1a
dad_mysql_login_my
mysql_init sucess
mysql_login_my success
dad_mysql_query
str=SELECT username FROM radpostauth WHERE callingstationid='34-23-87-cf-3b-7f' ORDER BY authdate DESC
dad_mysql_get_user username:test@id.edu.cn
Tcp connected

rv of SSL_connect is 1
Connected with AES256-GCM-SHA384 encryption
Digital certificate information:
Certificate: /C=CH/ST=BEIJING/L=Default City/O=Default Company Ltd/CN=nidadmin
Issuer: /C=CH/ST=BEIJING/L=Default City/O=Default Company Ltd/CN=nidadmin
Before SSl_write , time is Thu Jun 28 00:17:30 2018

After SSl_write , time is Thu Jun 28 00:17:30 2018



**********************************
::----->ff02::1:ff34:c955
targetip:2001:da8:266:f715:8eeb:c6ff:fe34:c955
ns报文 返回0
print ip:::--->ff02::1:ff34:c955
target_addr:2001:da8:266:f715:8eeb:c6ff:fe34:c955
dad_mysql_login_my
mysql_init sucess
mysql_login_my success
dad_mysql_query
str=SELECT username FROM radpostauth WHERE callingstationid='8c-eb-c6-34-c9-55' ORDER BY authdate DESC
dad_mysql_get_user username:test@id.edu.cn
Tcp connected

rv of SSL_connect is 1
Connected with AES256-GCM-SHA384 encryption
Digital certificate information:
Certificate: /C=CH/ST=BEIJING/L=Default City/O=Default Company Ltd/CN=nidadmin
Issuer: /C=CH/ST=BEIJING/L=Default City/O=Default Company Ltd/CN=nidadmin
Before SSl_write , time is Thu Jun 28 01:17:01 2018

After SSl_write , time is Thu Jun 28 01:17:01 2018



**********************************
::----->ff02::1:ffdf:5fa9
targetip:2001:da8:266:f715:81bd:2f7:18df:5fa9
ns报文 返回0
print ip:::--->ff02::1:ffdf:5fa9
target_addr:2001:da8:266:f715:81bd:2f7:18df:5fa9
dad_mysql_login_my
mysql_init sucess
mysql_login_my success
dad_mysql_query
str=SELECT username FROM radpostauth WHERE callingstationid='8c-eb-c6-34-c9-55' ORDER BY authdate DESC
dad_mysql_get_user username:test@id.edu.cn
Tcp connected

rv of SSL_connect is 1
Connected with AES256-GCM-SHA384 encryption
Digital certificate information:
Certificate: /C=CH/ST=BEIJING/L=Default City/O=Default Company Ltd/CN=nidadmin
Issuer: /C=CH/ST=BEIJING/L=Default City/O=Default Company Ltd/CN=nidadmin
Before SSl_write , time is Thu Jun 28 01:17:01 2018

After SSl_write , time is Thu Jun 28 01:17:01 2018



**********************************
::----->ff02::1:ff34:c955
targetip:2001:da8:266:f715:8eeb:c6ff:fe34:c955
ns报文 返回0
print ip:::--->ff02::1:ff34:c955
target_addr:2001:da8:266:f715:8eeb:c6ff:fe34:c955
dad_mysql_login_my
mysql_init sucess
mysql_login_my success
dad_mysql_query
str=SELECT username FROM radpostauth WHERE callingstationid='8c-eb-c6-34-c9-55' ORDER BY authdate DESC
dad_mysql_get_user username:test@id.edu.cn
Tcp connected

rv of SSL_connect is 1
Connected with AES256-GCM-SHA384 encryption
Digital certificate information:
Certificate: /C=CH/ST=BEIJING/L=Default City/O=Default Company Ltd/CN=nidadmin
Issuer: /C=CH/ST=BEIJING/L=Default City/O=Default Company Ltd/CN=nidadmin
Before SSl_write , time is Thu Jun 28 17:41:43 2018

After SSl_write , time is Thu Jun 28 17:41:43 2018



**********************************
::----->ff02::1:ffdf:5fa9
targetip:2001:da8:266:f715:81bd:2f7:18df:5fa9
ns报文 返回0
print ip:::--->ff02::1:ffdf:5fa9
target_addr:2001:da8:266:f715:81bd:2f7:18df:5fa9
dad_mysql_login_my
mysql_init sucess
mysql_login_my success
dad_mysql_query
str=SELECT username FROM radpostauth WHERE callingstationid='8c-eb-c6-34-c9-55' ORDER BY authdate DESC
dad_mysql_get_user username:test@id.edu.cn
Tcp connected

rv of SSL_connect is 1
Connected with AES256-GCM-SHA384 encryption
Digital certificate information:
Certificate: /C=CH/ST=BEIJING/L=Default City/O=Default Company Ltd/CN=nidadmin
Issuer: /C=CH/ST=BEIJING/L=Default City/O=Default Company Ltd/CN=nidadmin
Before SSl_write , time is Thu Jun 28 17:41:44 2018

After SSl_write , time is Thu Jun 28 17:41:44 2018



**********************************
::----->ff02::1:ff34:c955
targetip:2001:da8:266:f715:8eeb:c6ff:fe34:c955
ns报文 返回0
print ip:::--->ff02::1:ff34:c955
target_addr:2001:da8:266:f715:8eeb:c6ff:fe34:c955
dad_mysql_login_my
mysql_init sucess
mysql_login_my success
dad_mysql_query
str=SELECT username FROM radpostauth WHERE callingstationid='8c-eb-c6-34-c9-55' ORDER BY authdate DESC
dad_mysql_get_user username:test@id.edu.cn
Tcp connected

rv of SSL_connect is 1
Connected with AES256-GCM-SHA384 encryption
Digital certificate information:
Certificate: /C=CH/ST=BEIJING/L=Default City/O=Default Company Ltd/CN=nidadmin
Issuer: /C=CH/ST=BEIJING/L=Default City/O=Default Company Ltd/CN=nidadmin
Before SSl_write , time is Thu Jun 28 17:53:36 2018

After SSl_write , time is Thu Jun 28 17:53:36 2018



**********************************
::----->ff02::1:ffdf:5fa9
targetip:2001:da8:266:f715:81bd:2f7:18df:5fa9
ns报文 返回0
print ip:::--->ff02::1:ffdf:5fa9
target_addr:2001:da8:266:f715:81bd:2f7:18df:5fa9
dad_mysql_login_my
mysql_init sucess
mysql_login_my success
dad_mysql_query
str=SELECT username FROM radpostauth WHERE callingstationid='8c-eb-c6-34-c9-55' ORDER BY authdate DESC
dad_mysql_get_user username:test@id.edu.cn
Tcp connected

rv of SSL_connect is 1
Connected with AES256-GCM-SHA384 encryption
Digital certificate information:
Certificate: /C=CH/ST=BEIJING/L=Default City/O=Default Company Ltd/CN=nidadmin
Issuer: /C=CH/ST=BEIJING/L=Default City/O=Default Company Ltd/CN=nidadmin
Before SSl_write , time is Thu Jun 28 17:53:36 2018

After SSl_write , time is Thu Jun 28 17:53:36 2018



**********************************
::----->ff02::1:ffb7:3aa9
targetip:2001:da8:266:f715:4b0:8c99:1ab7:3aa9
ns报文 返回0
print ip:::--->ff02::1:ffb7:3aa9
target_addr:2001:da8:266:f715:4b0:8c99:1ab7:3aa9
dad_mysql_login_my
mysql_init sucess
mysql_login_my success
dad_mysql_query
str=SELECT username FROM radpostauth WHERE callingstationid='9c-e3-3f-4f-89-50' ORDER BY authdate DESC
dad_mysql_get_user username:test@id.edu.cn
Tcp connected

rv of SSL_connect is 1
Connected with AES256-GCM-SHA384 encryption
Digital certificate information:
Certificate: /C=CH/ST=BEIJING/L=Default City/O=Default Company Ltd/CN=nidadmin
Issuer: /C=CH/ST=BEIJING/L=Default City/O=Default Company Ltd/CN=nidadmin
Before SSl_write , time is Thu Jun 28 17:56:00 2018

After SSl_write , time is Thu Jun 28 17:56:00 2018



**********************************
::----->ff02::1:ff67:a392
targetip:2001:da8:266:f715:3cf1:94d0:967:a392
ns报文 返回0
print ip:::--->ff02::1:ff67:a392
target_addr:2001:da8:266:f715:3cf1:94d0:967:a392
dad_mysql_login_my
mysql_init sucess
mysql_login_my success
dad_mysql_query
str=SELECT username FROM radpostauth WHERE callingstationid='9c-e3-3f-4f-89-50' ORDER BY authdate DESC
dad_mysql_get_user username:test@id.edu.cn
Tcp connected

rv of SSL_connect is 1
Connected with AES256-GCM-SHA384 encryption
Digital certificate information:
Certificate: /C=CH/ST=BEIJING/L=Default City/O=Default Company Ltd/CN=nidadmin
Issuer: /C=CH/ST=BEIJING/L=Default City/O=Default Company Ltd/CN=nidadmin
Before SSl_write , time is Thu Jun 28 17:56:00 2018

After SSl_write , time is Thu Jun 28 17:56:00 2018



**********************************
::----->ff02::1:ffe8:61ef
targetip:2001:da8:266:f715:1ae2:9fff:fee8:61ef
ns报文 返回0
print ip:::--->ff02::1:ffe8:61ef
target_addr:2001:da8:266:f715:1ae2:9fff:fee8:61ef
dad_mysql_login_my
mysql_init sucess
mysql_login_my success
dad_mysql_query
str=SELECT username FROM radpostauth WHERE callingstationid='18-e2-9f-e8-61-ef' ORDER BY authdate DESC
dad_mysql_get_user username:test@id.edu.cn
Tcp connected

rv of SSL_connect is 1
Connected with AES256-GCM-SHA384 encryption
Digital certificate information:
Certificate: /C=CH/ST=BEIJING/L=Default City/O=Default Company Ltd/CN=nidadmin
Issuer: /C=CH/ST=BEIJING/L=Default City/O=Default Company Ltd/CN=nidadmin
Before SSl_write , time is Thu Jun 28 18:16:39 2018

After SSl_write , time is Thu Jun 28 18:16:39 2018



**********************************
::----->ff02::1:ff3a:4f6f
targetip:2001:da8:266:f715:5829:89cd:673a:4f6f
ns报文 返回0
print ip:::--->ff02::1:ff3a:4f6f
target_addr:2001:da8:266:f715:5829:89cd:673a:4f6f
dad_mysql_login_my
mysql_init sucess
mysql_login_my success
dad_mysql_query
str=SELECT username FROM radpostauth WHERE callingstationid='18-e2-9f-e8-61-ef' ORDER BY authdate DESC
dad_mysql_get_user username:test@id.edu.cn
Tcp connected

rv of SSL_connect is 1
Connected with AES256-GCM-SHA384 encryption
Digital certificate information:
Certificate: /C=CH/ST=BEIJING/L=Default City/O=Default Company Ltd/CN=nidadmin
Issuer: /C=CH/ST=BEIJING/L=Default City/O=Default Company Ltd/CN=nidadmin
Before SSl_write , time is Thu Jun 28 18:16:39 2018

After SSl_write , time is Thu Jun 28 18:16:39 2018



**********************************
::----->ff02::1:ff34:c955
targetip:2001:da8:266:f715:8eeb:c6ff:fe34:c955
ns报文 返回0
print ip:::--->ff02::1:ff34:c955
target_addr:2001:da8:266:f715:8eeb:c6ff:fe34:c955
dad_mysql_login_my
mysql_init sucess
mysql_login_my success
dad_mysql_query
str=SELECT username FROM radpostauth WHERE callingstationid='8c-eb-c6-34-c9-55' ORDER BY authdate DESC
dad_mysql_get_user username:test@id.edu.cn
Tcp connected

rv of SSL_connect is 1
Connected with AES256-GCM-SHA384 encryption
Digital certificate information:
Certificate: /C=CH/ST=BEIJING/L=Default City/O=Default Company Ltd/CN=nidadmin
Issuer: /C=CH/ST=BEIJING/L=Default City/O=Default Company Ltd/CN=nidadmin
Before SSl_write , time is Fri Jun 29 19:44:44 2018

After SSl_write , time is Fri Jun 29 19:44:44 2018



**********************************
::----->ff02::1:ff3e:14f
targetip:2001:da8:266:f715:d95c:6d42:2d3e:14f
ns报文 返回0
print ip:::--->ff02::1:ff3e:14f
target_addr:2001:da8:266:f715:d95c:6d42:2d3e:14f
dad_mysql_login_my
mysql_init sucess
mysql_login_my success
dad_mysql_query
str=SELECT username FROM radpostauth WHERE callingstationid='8c-eb-c6-34-c9-55' ORDER BY authdate DESC
dad_mysql_get_user username:test@id.edu.cn
Tcp connected

rv of SSL_connect is 1
Connected with AES256-GCM-SHA384 encryption
Digital certificate information:
Certificate: /C=CH/ST=BEIJING/L=Default City/O=Default Company Ltd/CN=nidadmin
Issuer: /C=CH/ST=BEIJING/L=Default City/O=Default Company Ltd/CN=nidadmin
Before SSl_write , time is Fri Jun 29 19:44:44 2018

After SSl_write , time is Fri Jun 29 19:44:44 2018



**********************************
::----->ff02::1:ff34:c955
targetip:2001:da8:266:f715:8eeb:c6ff:fe34:c955
ns报文 返回0
print ip:::--->ff02::1:ff34:c955
target_addr:2001:da8:266:f715:8eeb:c6ff:fe34:c955
dad_mysql_login_my
mysql_init sucess
mysql_login_my success
dad_mysql_query
str=SELECT username FROM radpostauth WHERE callingstationid='8c-eb-c6-34-c9-55' ORDER BY authdate DESC
dad_mysql_get_user username:test@id.edu.cn
Tcp connected

rv of SSL_connect is 1
Connected with AES256-GCM-SHA384 encryption
Digital certificate information:
Certificate: /C=CH/ST=BEIJING/L=Default City/O=Default Company Ltd/CN=nidadmin
Issuer: /C=CH/ST=BEIJING/L=Default City/O=Default Company Ltd/CN=nidadmin
Before SSl_write , time is Fri Jun 29 21:52:29 2018

After SSl_write , time is Fri Jun 29 21:52:29 2018



**********************************
::----->ff02::1:ff3e:14f
targetip:2001:da8:266:f715:d95c:6d42:2d3e:14f
ns报文 返回0
print ip:::--->ff02::1:ff3e:14f
target_addr:2001:da8:266:f715:d95c:6d42:2d3e:14f
dad_mysql_login_my
mysql_init sucess
mysql_login_my success
dad_mysql_query
str=SELECT username FROM radpostauth WHERE callingstationid='8c-eb-c6-34-c9-55' ORDER BY authdate DESC
dad_mysql_get_user username:test@id.edu.cn
Tcp connected

rv of SSL_connect is 1
Connected with AES256-GCM-SHA384 encryption
Digital certificate information:
Certificate: /C=CH/ST=BEIJING/L=Default City/O=Default Company Ltd/CN=nidadmin
Issuer: /C=CH/ST=BEIJING/L=Default City/O=Default Company Ltd/CN=nidadmin
Before SSl_write , time is Fri Jun 29 21:52:29 2018

After SSl_write , time is Fri Jun 29 21:52:29 2018



**********************************
::----->ff02::1:ff34:c955
targetip:2001:da8:266:f715:8eeb:c6ff:fe34:c955
ns报文 返回0
print ip:::--->ff02::1:ff34:c955
target_addr:2001:da8:266:f715:8eeb:c6ff:fe34:c955
dad_mysql_login_my
mysql_init sucess
mysql_login_my success
dad_mysql_query
str=SELECT username FROM radpostauth WHERE callingstationid='8c-eb-c6-34-c9-55' ORDER BY authdate DESC
dad_mysql_get_user username:test@id.edu.cn
Tcp connected

rv of SSL_connect is 1
Connected with AES256-GCM-SHA384 encryption
Digital certificate information:
Certificate: /C=CH/ST=BEIJING/L=Default City/O=Default Company Ltd/CN=nidadmin
Issuer: /C=CH/ST=BEIJING/L=Default City/O=Default Company Ltd/CN=nidadmin
Before SSl_write , time is Fri Jun 29 21:53:56 2018

After SSl_write , time is Fri Jun 29 21:53:56 2018



**********************************
::----->ff02::1:ff3e:14f
targetip:2001:da8:266:f715:d95c:6d42:2d3e:14f
ns报文 返回0
print ip:::--->ff02::1:ff3e:14f
target_addr:2001:da8:266:f715:d95c:6d42:2d3e:14f
dad_mysql_login_my
mysql_init sucess
mysql_login_my success
dad_mysql_query
str=SELECT username FROM radpostauth WHERE callingstationid='8c-eb-c6-34-c9-55' ORDER BY authdate DESC
dad_mysql_get_user username:test@id.edu.cn
Tcp connected

rv of SSL_connect is 1
Connected with AES256-GCM-SHA384 encryption
Digital certificate information:
Certificate: /C=CH/ST=BEIJING/L=Default City/O=Default Company Ltd/CN=nidadmin
Issuer: /C=CH/ST=BEIJING/L=Default City/O=Default Company Ltd/CN=nidadmin
Before SSl_write , time is Fri Jun 29 21:53:56 2018

After SSl_write , time is Fri Jun 29 21:53:56 2018



**********************************
::----->ff02::1:ffe8:61ef
targetip:2001:da8:266:f715:1ae2:9fff:fee8:61ef
ns报文 返回0
print ip:::--->ff02::1:ffe8:61ef
target_addr:2001:da8:266:f715:1ae2:9fff:fee8:61ef
dad_mysql_login_my
mysql_init sucess
mysql_login_my success
dad_mysql_query
str=SELECT username FROM radpostauth WHERE callingstationid='18-e2-9f-e8-61-ef' ORDER BY authdate DESC
dad_mysql_get_user username:test@id.edu.cn
Tcp connected

rv of SSL_connect is 1
Connected with AES256-GCM-SHA384 encryption
Digital certificate information:
Certificate: /C=CH/ST=BEIJING/L=Default City/O=Default Company Ltd/CN=nidadmin
Issuer: /C=CH/ST=BEIJING/L=Default City/O=Default Company Ltd/CN=nidadmin
Before SSl_write , time is Sun Jul  1 16:21:29 2018

After SSl_write , time is Sun Jul  1 16:21:29 2018



**********************************
::----->ff02::1:ff2c:e9ef
targetip:2001:da8:266:f715:692d:2342:372c:e9ef
ns报文 返回0
print ip:::--->ff02::1:ff2c:e9ef
target_addr:2001:da8:266:f715:692d:2342:372c:e9ef
dad_mysql_login_my
mysql_init sucess
mysql_login_my success
dad_mysql_query
str=SELECT username FROM radpostauth WHERE callingstationid='18-e2-9f-e8-61-ef' ORDER BY authdate DESC
dad_mysql_get_user username:test@id.edu.cn
Tcp connected

rv of SSL_connect is 1
Connected with AES256-GCM-SHA384 encryption
Digital certificate information:
Certificate: /C=CH/ST=BEIJING/L=Default City/O=Default Company Ltd/CN=nidadmin
Issuer: /C=CH/ST=BEIJING/L=Default City/O=Default Company Ltd/CN=nidadmin
Before SSl_write , time is Sun Jul  1 16:21:30 2018

After SSl_write , time is Sun Jul  1 16:21:30 2018



**********************************
::----->ff02::1:ffb7:3aa9
targetip:2001:da8:266:f715:4b0:8c99:1ab7:3aa9
ns报文 返回0
print ip:::--->ff02::1:ffb7:3aa9
target_addr:2001:da8:266:f715:4b0:8c99:1ab7:3aa9
dad_mysql_login_my
mysql_init sucess
mysql_login_my success
dad_mysql_query
str=SELECT username FROM radpostauth WHERE callingstationid='9c-e3-3f-4f-89-50' ORDER BY authdate DESC
dad_mysql_get_user username:test@id.edu.cn
Tcp connected

rv of SSL_connect is 1
Connected with AES256-GCM-SHA384 encryption
Digital certificate information:
Certificate: /C=CH/ST=BEIJING/L=Default City/O=Default Company Ltd/CN=nidadmin
Issuer: /C=CH/ST=BEIJING/L=Default City/O=Default Company Ltd/CN=nidadmin
Before SSl_write , time is Sun Jul  1 20:24:11 2018

After SSl_write , time is Sun Jul  1 20:24:11 2018



**********************************
::----->ff02::1:fff3:54bc
targetip:2001:da8:266:f715:e560:bfd:d2f3:54bc
ns报文 返回0
print ip:::--->ff02::1:fff3:54bc
target_addr:2001:da8:266:f715:e560:bfd:d2f3:54bc
dad_mysql_login_my
mysql_init sucess
mysql_login_my success
dad_mysql_query
str=SELECT username FROM radpostauth WHERE callingstationid='9c-e3-3f-4f-89-50' ORDER BY authdate DESC
dad_mysql_get_user username:test@id.edu.cn
Tcp connected

rv of SSL_connect is 1
Connected with AES256-GCM-SHA384 encryption
Digital certificate information:
Certificate: /C=CH/ST=BEIJING/L=Default City/O=Default Company Ltd/CN=nidadmin
Issuer: /C=CH/ST=BEIJING/L=Default City/O=Default Company Ltd/CN=nidadmin
Before SSl_write , time is Sun Jul  1 20:24:11 2018

After SSl_write , time is Sun Jul  1 20:24:11 2018



**********************************
::----->ff02::1:ffe8:61ef
targetip:2001:da8:266:f715:1ae2:9fff:fee8:61ef
ns报文 返回0
print ip:::--->ff02::1:ffe8:61ef
target_addr:2001:da8:266:f715:1ae2:9fff:fee8:61ef
dad_mysql_login_my
mysql_init sucess
mysql_login_my success
dad_mysql_query
str=SELECT username FROM radpostauth WHERE callingstationid='18-e2-9f-e8-61-ef' ORDER BY authdate DESC
dad_mysql_get_user username:test@id.edu.cn
Tcp connected

rv of SSL_connect is 1
Connected with AES256-GCM-SHA384 encryption
Digital certificate information:
Certificate: /C=CH/ST=BEIJING/L=Default City/O=Default Company Ltd/CN=nidadmin
Issuer: /C=CH/ST=BEIJING/L=Default City/O=Default Company Ltd/CN=nidadmin
Before SSl_write , time is Mon Jul  2 16:29:36 2018

After SSl_write , time is Mon Jul  2 16:29:36 2018



**********************************
::----->ff02::1:ff2c:e9ef
targetip:2001:da8:266:f715:692d:2342:372c:e9ef
ns报文 返回0
print ip:::--->ff02::1:ff2c:e9ef
target_addr:2001:da8:266:f715:692d:2342:372c:e9ef
dad_mysql_login_my
mysql_init sucess
mysql_login_my success
dad_mysql_query
str=SELECT username FROM radpostauth WHERE callingstationid='18-e2-9f-e8-61-ef' ORDER BY authdate DESC
dad_mysql_get_user username:test@id.edu.cn
Tcp connected

rv of SSL_connect is 1
Connected with AES256-GCM-SHA384 encryption
Digital certificate information:
Certificate: /C=CH/ST=BEIJING/L=Default City/O=Default Company Ltd/CN=nidadmin
Issuer: /C=CH/ST=BEIJING/L=Default City/O=Default Company Ltd/CN=nidadmin
Before SSl_write , time is Mon Jul  2 16:29:37 2018

After SSl_write , time is Mon Jul  2 16:29:37 2018



**********************************
::----->ff02::1:ff34:c955
targetip:2001:da8:266:f715:8eeb:c6ff:fe34:c955
ns报文 返回0
print ip:::--->ff02::1:ff34:c955
target_addr:2001:da8:266:f715:8eeb:c6ff:fe34:c955
dad_mysql_login_my
mysql_init sucess
mysql_login_my success
dad_mysql_query
str=SELECT username FROM radpostauth WHERE callingstationid='8c-eb-c6-34-c9-55' ORDER BY authdate DESC
dad_mysql_get_user username:test@id.edu.cn
Tcp connected

rv of SSL_connect is 1
Connected with AES256-GCM-SHA384 encryption
Digital certificate information:
Certificate: /C=CH/ST=BEIJING/L=Default City/O=Default Company Ltd/CN=nidadmin
Issuer: /C=CH/ST=BEIJING/L=Default City/O=Default Company Ltd/CN=nidadmin
Before SSl_write , time is Tue Jul  3 16:36:14 2018

After SSl_write , time is Tue Jul  3 16:36:14 2018



**********************************
::----->ff02::1:ff5f:253e
targetip:2001:da8:266:f715:986:97a6:3d5f:253e
ns报文 返回0
print ip:::--->ff02::1:ff5f:253e
target_addr:2001:da8:266:f715:986:97a6:3d5f:253e
dad_mysql_login_my
mysql_init sucess
mysql_login_my success
dad_mysql_query
str=SELECT username FROM radpostauth WHERE callingstationid='8c-eb-c6-34-c9-55' ORDER BY authdate DESC
dad_mysql_get_user username:test@id.edu.cn
Tcp connected

rv of SSL_connect is 1
Connected with AES256-GCM-SHA384 encryption
Digital certificate information:
Certificate: /C=CH/ST=BEIJING/L=Default City/O=Default Company Ltd/CN=nidadmin
Issuer: /C=CH/ST=BEIJING/L=Default City/O=Default Company Ltd/CN=nidadmin
Before SSl_write , time is Tue Jul  3 16:36:14 2018

After SSl_write , time is Tue Jul  3 16:36:14 2018



**********************************
2001:da8:266:f501::80----->ff02::1
targetip:2001:da8:266:f501::80
targetip前两个字节target_str:2001:
na报文 返回0
print ip:2001:da8:266:f501::80--->ff02::1
target_addr:2001:da8:266:f501::80
dad_mysql_login_my
mysql_init sucess
mysql_login_my success
dad_mysql_query
str=SELECT username FROM radpostauth WHERE callingstationid='84-d9-31-20-ed-b9' ORDER BY authdate DESC


**********************************
2001:da8:266:f501::80----->ff02::1
targetip:2001:da8:266:f501::80
targetip前两个字节target_str:2001:
na报文 返回0
print ip:2001:da8:266:f501::80--->ff02::1
target_addr:2001:da8:266:f501::80
dad_mysql_login_my
mysql_init sucess
mysql_login_my success
dad_mysql_query
str=SELECT username FROM radpostauth WHERE callingstationid='84-d9-31-20-ed-b9' ORDER BY authdate DESC


**********************************
2001:da8:266:f501::80----->ff02::1
targetip:2001:da8:266:f501::80
targetip前两个字节target_str:2001:
na报文 返回0
print ip:2001:da8:266:f501::80--->ff02::1
target_addr:2001:da8:266:f501::80
dad_mysql_login_my
mysql_init sucess
mysql_login_my success
dad_mysql_query
str=SELECT username FROM radpostauth WHERE callingstationid='84-d9-31-20-ed-b9' ORDER BY authdate DESC


**********************************
2001:da8:266:f501::80----->ff02::1
targetip:2001:da8:266:f501::80
targetip前两个字节target_str:2001:
na报文 返回0
print ip:2001:da8:266:f501::80--->ff02::1
target_addr:2001:da8:266:f501::80
dad_mysql_login_my
mysql_init sucess
mysql_login_my success
dad_mysql_query
str=SELECT username FROM radpostauth WHERE callingstationid='84-d9-31-20-ed-b9' ORDER BY authdate DESC


**********************************
2001:da8:266:f501::80----->ff02::1
targetip:2001:da8:266:f501::80
targetip前两个字节target_str:2001:
na报文 返回0
print ip:2001:da8:266:f501::80--->ff02::1
target_addr:2001:da8:266:f501::80
dad_mysql_login_my
mysql_init sucess
mysql_login_my success
dad_mysql_query
str=SELECT username FROM radpostauth WHERE callingstationid='84-d9-31-20-ed-b9' ORDER BY authdate DESC


**********************************
2001:da8:266:f501::80----->ff02::1
targetip:2001:da8:266:f501::80
targetip前两个字节target_str:2001:
na报文 返回0
print ip:2001:da8:266:f501::80--->ff02::1
target_addr:2001:da8:266:f501::80
dad_mysql_login_my
mysql_init sucess
mysql_login_my success
dad_mysql_query
str=SELECT username FROM radpostauth WHERE callingstationid='84-d9-31-20-ed-b9' ORDER BY authdate DESC


**********************************
2001:da8:266:f501::80----->ff02::1
targetip:2001:da8:266:f501::80
targetip前两个字节target_str:2001:
na报文 返回0
print ip:2001:da8:266:f501::80--->ff02::1
target_addr:2001:da8:266:f501::80
dad_mysql_login_my
mysql_init sucess
mysql_login_my success
dad_mysql_query
str=SELECT username FROM radpostauth WHERE callingstationid='84-d9-31-20-ed-b9' ORDER BY authdate DESC


**********************************
2001:da8:266:f501::80----->ff02::1
targetip:2001:da8:266:f501::80
targetip前两个字节target_str:2001:
na报文 返回0
print ip:2001:da8:266:f501::80--->ff02::1
target_addr:2001:da8:266:f501::80
dad_mysql_login_my
mysql_init sucess
mysql_login_my success
dad_mysql_query
str=SELECT username FROM radpostauth WHERE callingstationid='84-d9-31-20-ed-b9' ORDER BY authdate DESC


**********************************
2001:da8:266:f501::80----->ff02::1
targetip:2001:da8:266:f501::80
targetip前两个字节target_str:2001:
na报文 返回0
print ip:2001:da8:266:f501::80--->ff02::1
target_addr:2001:da8:266:f501::80
dad_mysql_login_my
mysql_init sucess
mysql_login_my success
dad_mysql_query
str=SELECT username FROM radpostauth WHERE callingstationid='84-d9-31-20-ed-b9' ORDER BY authdate DESC


**********************************
2001:da8:266:f501::80----->ff02::1
targetip:2001:da8:266:f501::80
targetip前两个字节target_str:2001:
na报文 返回0
print ip:2001:da8:266:f501::80--->ff02::1
target_addr:2001:da8:266:f501::80
dad_mysql_login_my
mysql_init sucess
mysql_login_my success
dad_mysql_query
str=SELECT username FROM radpostauth WHERE callingstationid='84-d9-31-20-ed-b9' ORDER BY authdate DESC


**********************************
2001:da8:266:f501::80----->ff02::1
targetip:2001:da8:266:f501::80
targetip前两个字节target_str:2001:
na报文 返回0
print ip:2001:da8:266:f501::80--->ff02::1
target_addr:2001:da8:266:f501::80
dad_mysql_login_my
mysql_init sucess
mysql_login_my success
dad_mysql_query
str=SELECT username FROM radpostauth WHERE callingstationid='84-d9-31-20-ed-b9' ORDER BY authdate DESC


**********************************
2001:da8:266:f501::80----->ff02::1
targetip:2001:da8:266:f501::80
targetip前两个字节target_str:2001:
na报文 返回0
print ip:2001:da8:266:f501::80--->ff02::1
target_addr:2001:da8:266:f501::80
dad_mysql_login_my
mysql_init sucess
mysql_login_my success
dad_mysql_query
str=SELECT username FROM radpostauth WHERE callingstationid='84-d9-31-20-ed-b9' ORDER BY authdate DESC


**********************************
2001:da8:266:f501::80----->ff02::1
targetip:2001:da8:266:f501::80
targetip前两个字节target_str:2001:
na报文 返回0
print ip:2001:da8:266:f501::80--->ff02::1
target_addr:2001:da8:266:f501::80
dad_mysql_login_my
mysql_init sucess
mysql_login_my success
dad_mysql_query
str=SELECT username FROM radpostauth WHERE callingstationid='84-d9-31-20-ed-b9' ORDER BY authdate DESC


**********************************
2001:da8:266:f501::80----->ff02::1
targetip:2001:da8:266:f501::80
targetip前两个字节target_str:2001:
na报文 返回0
print ip:2001:da8:266:f501::80--->ff02::1
target_addr:2001:da8:266:f501::80
dad_mysql_login_my
mysql_init sucess
mysql_login_my success
dad_mysql_query
str=SELECT username FROM radpostauth WHERE callingstationid='84-d9-31-20-ed-b9' ORDER BY authdate DESC


**********************************
::----->ff02::1:ffe8:61ef
targetip:2001:da8:266:f715:1ae2:9fff:fee8:61ef
ns报文 返回0
print ip:::--->ff02::1:ffe8:61ef
target_addr:2001:da8:266:f715:1ae2:9fff:fee8:61ef
dad_mysql_login_my
mysql_init sucess
mysql_login_my success
dad_mysql_query
str=SELECT username FROM radpostauth WHERE callingstationid='18-e2-9f-e8-61-ef' ORDER BY authdate DESC
dad_mysql_get_user username:test@id.edu.cn
Tcp connected

rv of SSL_connect is 1
Connected with AES256-GCM-SHA384 encryption
Digital certificate information:
Certificate: /C=CH/ST=BEIJING/L=Default City/O=Default Company Ltd/CN=nidadmin
Issuer: /C=CH/ST=BEIJING/L=Default City/O=Default Company Ltd/CN=nidadmin
Before SSl_write , time is Wed Jul  4 16:22:27 2018

After SSl_write , time is Wed Jul  4 16:22:27 2018



**********************************
::----->ff02::1:ff2c:e9ef
targetip:2001:da8:266:f715:692d:2342:372c:e9ef
ns报文 返回0
print ip:::--->ff02::1:ff2c:e9ef
target_addr:2001:da8:266:f715:692d:2342:372c:e9ef
dad_mysql_login_my
mysql_init sucess
mysql_login_my success
dad_mysql_query
str=SELECT username FROM radpostauth WHERE callingstationid='18-e2-9f-e8-61-ef' ORDER BY authdate DESC
dad_mysql_get_user username:test@id.edu.cn
Tcp connected

rv of SSL_connect is 1
Connected with AES256-GCM-SHA384 encryption
Digital certificate information:
Certificate: /C=CH/ST=BEIJING/L=Default City/O=Default Company Ltd/CN=nidadmin
Issuer: /C=CH/ST=BEIJING/L=Default City/O=Default Company Ltd/CN=nidadmin
Before SSl_write , time is Wed Jul  4 16:22:27 2018

After SSl_write , time is Wed Jul  4 16:22:27 2018



**********************************
::----->ff02::1:ff34:c955
targetip:2001:da8:266:f715:8eeb:c6ff:fe34:c955
ns报文 返回0
print ip:::--->ff02::1:ff34:c955
target_addr:2001:da8:266:f715:8eeb:c6ff:fe34:c955
dad_mysql_login_my
mysql_init sucess
mysql_login_my success
dad_mysql_query
str=SELECT username FROM radpostauth WHERE callingstationid='8c-eb-c6-34-c9-55' ORDER BY authdate DESC
dad_mysql_get_user username:test@id.edu.cn
Tcp connected

rv of SSL_connect is 1
Connected with AES256-GCM-SHA384 encryption
Digital certificate information:
Certificate: /C=CH/ST=BEIJING/L=Default City/O=Default Company Ltd/CN=nidadmin
Issuer: /C=CH/ST=BEIJING/L=Default City/O=Default Company Ltd/CN=nidadmin
Before SSl_write , time is Wed Jul  4 16:26:11 2018

After SSl_write , time is Wed Jul  4 16:26:11 2018



**********************************
::----->ff02::1:ff5f:253e
targetip:2001:da8:266:f715:986:97a6:3d5f:253e
ns报文 返回0
print ip:::--->ff02::1:ff5f:253e
target_addr:2001:da8:266:f715:986:97a6:3d5f:253e
dad_mysql_login_my
mysql_init sucess
mysql_login_my success
dad_mysql_query
str=SELECT username FROM radpostauth WHERE callingstationid='8c-eb-c6-34-c9-55' ORDER BY authdate DESC
dad_mysql_get_user username:test@id.edu.cn
Tcp connected

rv of SSL_connect is 1
Connected with AES256-GCM-SHA384 encryption
Digital certificate information:
Certificate: /C=CH/ST=BEIJING/L=Default City/O=Default Company Ltd/CN=nidadmin
Issuer: /C=CH/ST=BEIJING/L=Default City/O=Default Company Ltd/CN=nidadmin
Before SSl_write , time is Wed Jul  4 16:26:11 2018

After SSl_write , time is Wed Jul  4 16:26:11 2018



**********************************
2001:da8:266:f501::80----->ff02::1
targetip:2001:da8:266:f501::80
targetip前两个字节target_str:2001:
na报文 返回0
print ip:2001:da8:266:f501::80--->ff02::1
target_addr:2001:da8:266:f501::80
dad_mysql_login_my
mysql_init sucess
mysql_login_my success
dad_mysql_query
str=SELECT username FROM radpostauth WHERE callingstationid='84-d9-31-20-ed-b9' ORDER BY authdate DESC


**********************************
::----->ff02::1:ff24:3af1
targetip:2001:da8:266:f715:8c29:ddfc:6624:3af1
ns报文 返回0
print ip:::--->ff02::1:ff24:3af1
target_addr:2001:da8:266:f715:8c29:ddfc:6624:3af1
dad_mysql_login_my
mysql_init sucess
mysql_login_my success
dad_mysql_query
str=SELECT username FROM radpostauth WHERE callingstationid='c8-ff-28-23-da-df' ORDER BY authdate DESC
dad_mysql_get_user username:test@id.edu.cn
Tcp connected

rv of SSL_connect is 1
Connected with AES256-GCM-SHA384 encryption
Digital certificate information:
Certificate: /C=CH/ST=BEIJING/L=Default City/O=Default Company Ltd/CN=nidadmin
Issuer: /C=CH/ST=BEIJING/L=Default City/O=Default Company Ltd/CN=nidadmin
Before SSl_write , time is Wed Jul  4 18:27:08 2018

After SSl_write , time is Wed Jul  4 18:27:08 2018



**********************************
::----->ff02::1:ff6e:9ab3
targetip:2001:da8:266:f715:9582:c197:e76e:9ab3
ns报文 返回0
print ip:::--->ff02::1:ff6e:9ab3
target_addr:2001:da8:266:f715:9582:c197:e76e:9ab3
dad_mysql_login_my
mysql_init sucess
mysql_login_my success
dad_mysql_query
str=SELECT username FROM radpostauth WHERE callingstationid='c8-ff-28-23-da-df' ORDER BY authdate DESC
dad_mysql_get_user username:test@id.edu.cn
Tcp connected

rv of SSL_connect is 1
Connected with AES256-GCM-SHA384 encryption
Digital certificate information:
Certificate: /C=CH/ST=BEIJING/L=Default City/O=Default Company Ltd/CN=nidadmin
Issuer: /C=CH/ST=BEIJING/L=Default City/O=Default Company Ltd/CN=nidadmin
Before SSl_write , time is Wed Jul  4 18:27:08 2018

After SSl_write , time is Wed Jul  4 18:27:08 2018



**********************************
2001:da8:266:f715:8c29:ddfc:6624:3af1----->ff02::1
targetip:2001:da8:266:f715:8c29:ddfc:6624:3af1
targetip前两个字节target_str:2001:
na报文 返回0
print ip:2001:da8:266:f715:8c29:ddfc:6624:3af1--->ff02::1
target_addr:2001:da8:266:f715:8c29:ddfc:6624:3af1
dad_mysql_login_my
mysql_init sucess
mysql_login_my success
dad_mysql_query
str=SELECT username FROM radpostauth WHERE callingstationid='c8-ff-28-23-da-df' ORDER BY authdate DESC
dad_mysql_get_user username:test@id.edu.cn
Tcp connected

rv of SSL_connect is 1
Connected with AES256-GCM-SHA384 encryption
Digital certificate information:
Certificate: /C=CH/ST=BEIJING/L=Default City/O=Default Company Ltd/CN=nidadmin
Issuer: /C=CH/ST=BEIJING/L=Default City/O=Default Company Ltd/CN=nidadmin
Before SSl_write , time is Wed Jul  4 18:27:09 2018

After SSl_write , time is Wed Jul  4 18:27:09 2018



**********************************
2001:da8:266:f715:9582:c197:e76e:9ab3----->ff02::1
targetip:2001:da8:266:f715:9582:c197:e76e:9ab3
targetip前两个字节target_str:2001:
na报文 返回0
print ip:2001:da8:266:f715:9582:c197:e76e:9ab3--->ff02::1
target_addr:2001:da8:266:f715:9582:c197:e76e:9ab3
dad_mysql_login_my
mysql_init sucess
mysql_login_my success
dad_mysql_query
str=SELECT username FROM radpostauth WHERE callingstationid='c8-ff-28-23-da-df' ORDER BY authdate DESC
dad_mysql_get_user username:test@id.edu.cn
Tcp connected

rv of SSL_connect is 1
Connected with AES256-GCM-SHA384 encryption
Digital certificate information:
Certificate: /C=CH/ST=BEIJING/L=Default City/O=Default Company Ltd/CN=nidadmin
Issuer: /C=CH/ST=BEIJING/L=Default City/O=Default Company Ltd/CN=nidadmin
Before SSl_write , time is Wed Jul  4 18:27:09 2018

After SSl_write , time is Wed Jul  4 18:27:09 2018



**********************************
::----->ff02::1:ff24:3af1
targetip:2001:da8:266:f715:8c29:ddfc:6624:3af1
ns报文 返回0
print ip:::--->ff02::1:ff24:3af1
target_addr:2001:da8:266:f715:8c29:ddfc:6624:3af1
dad_mysql_login_my
mysql_init sucess
mysql_login_my success
dad_mysql_query
str=SELECT username FROM radpostauth WHERE callingstationid='c8-ff-28-23-da-df' ORDER BY authdate DESC
dad_mysql_get_user username:test@id.edu.cn
Tcp connected

rv of SSL_connect is 1
Connected with AES256-GCM-SHA384 encryption
Digital certificate information:
Certificate: /C=CH/ST=BEIJING/L=Default City/O=Default Company Ltd/CN=nidadmin
Issuer: /C=CH/ST=BEIJING/L=Default City/O=Default Company Ltd/CN=nidadmin
Before SSl_write , time is Wed Jul  4 18:27:22 2018

After SSl_write , time is Wed Jul  4 18:27:22 2018



**********************************
::----->ff02::1:ff6e:9ab3
targetip:2001:da8:266:f715:9582:c197:e76e:9ab3
ns报文 返回0
print ip:::--->ff02::1:ff6e:9ab3
target_addr:2001:da8:266:f715:9582:c197:e76e:9ab3
dad_mysql_login_my
mysql_init sucess
mysql_login_my success
dad_mysql_query
str=SELECT username FROM radpostauth WHERE callingstationid='c8-ff-28-23-da-df' ORDER BY authdate DESC
dad_mysql_get_user username:test@id.edu.cn
Tcp connected

rv of SSL_connect is 1
Connected with AES256-GCM-SHA384 encryption
Digital certificate information:
Certificate: /C=CH/ST=BEIJING/L=Default City/O=Default Company Ltd/CN=nidadmin
Issuer: /C=CH/ST=BEIJING/L=Default City/O=Default Company Ltd/CN=nidadmin
Before SSl_write , time is Wed Jul  4 18:27:22 2018

After SSl_write , time is Wed Jul  4 18:27:22 2018



**********************************
::----->ff02::1:ffd0:8d9
targetip:2001:da8:266:f714:8037:bf85:24d0:8d9
ns报文 返回0
print ip:::--->ff02::1:ffd0:8d9
target_addr:2001:da8:266:f714:8037:bf85:24d0:8d9
dad_mysql_login_my
mysql_init sucess
mysql_login_my success
dad_mysql_query
str=SELECT username FROM radpostauth WHERE callingstationid='c8-ff-28-23-da-df' ORDER BY authdate DESC
dad_mysql_get_user username:test@id.edu.cn
Tcp connected

rv of SSL_connect is 1
Connected with AES256-GCM-SHA384 encryption
Digital certificate information:
Certificate: /C=CH/ST=BEIJING/L=Default City/O=Default Company Ltd/CN=nidadmin
Issuer: /C=CH/ST=BEIJING/L=Default City/O=Default Company Ltd/CN=nidadmin
Before SSl_write , time is Wed Jul  4 18:27:22 2018

After SSl_write , time is Wed Jul  4 18:27:22 2018



**********************************
2001:da8:266:f715:8c29:ddfc:6624:3af1----->ff02::1
targetip:2001:da8:266:f715:8c29:ddfc:6624:3af1
targetip前两个字节target_str:2001:
na报文 返回0
print ip:2001:da8:266:f715:8c29:ddfc:6624:3af1--->ff02::1
target_addr:2001:da8:266:f715:8c29:ddfc:6624:3af1
dad_mysql_login_my
mysql_init sucess
mysql_login_my success
dad_mysql_query
str=SELECT username FROM radpostauth WHERE callingstationid='c8-ff-28-23-da-df' ORDER BY authdate DESC
dad_mysql_get_user username:test@id.edu.cn
Tcp connected

rv of SSL_connect is 1
Connected with AES256-GCM-SHA384 encryption
Digital certificate information:
Certificate: /C=CH/ST=BEIJING/L=Default City/O=Default Company Ltd/CN=nidadmin
Issuer: /C=CH/ST=BEIJING/L=Default City/O=Default Company Ltd/CN=nidadmin
Before SSl_write , time is Wed Jul  4 18:27:23 2018

After SSl_write , time is Wed Jul  4 18:27:23 2018



**********************************
2001:da8:266:f715:9582:c197:e76e:9ab3----->ff02::1
targetip:2001:da8:266:f715:9582:c197:e76e:9ab3
targetip前两个字节target_str:2001:
na报文 返回0
print ip:2001:da8:266:f715:9582:c197:e76e:9ab3--->ff02::1
target_addr:2001:da8:266:f715:9582:c197:e76e:9ab3
dad_mysql_login_my
mysql_init sucess
mysql_login_my success
dad_mysql_query
str=SELECT username FROM radpostauth WHERE callingstationid='c8-ff-28-23-da-df' ORDER BY authdate DESC
dad_mysql_get_user username:test@id.edu.cn
Tcp connected

rv of SSL_connect is 1
Connected with AES256-GCM-SHA384 encryption
Digital certificate information:
Certificate: /C=CH/ST=BEIJING/L=Default City/O=Default Company Ltd/CN=nidadmin
Issuer: /C=CH/ST=BEIJING/L=Default City/O=Default Company Ltd/CN=nidadmin
Before SSl_write , time is Wed Jul  4 18:27:23 2018

After SSl_write , time is Wed Jul  4 18:27:23 2018



**********************************
::----->ff02::1:ff24:3af1
targetip:2001:da8:266:f715:8c29:ddfc:6624:3af1
ns报文 返回0
print ip:::--->ff02::1:ff24:3af1
target_addr:2001:da8:266:f715:8c29:ddfc:6624:3af1
dad_mysql_login_my
mysql_init sucess
mysql_login_my success
dad_mysql_query
str=SELECT username FROM radpostauth WHERE callingstationid='c8-ff-28-23-da-df' ORDER BY authdate DESC
dad_mysql_get_user username:test@id.edu.cn
Tcp connected

rv of SSL_connect is 1
Connected with AES256-GCM-SHA384 encryption
Digital certificate information:
Certificate: /C=CH/ST=BEIJING/L=Default City/O=Default Company Ltd/CN=nidadmin
Issuer: /C=CH/ST=BEIJING/L=Default City/O=Default Company Ltd/CN=nidadmin
Before SSl_write , time is Wed Jul  4 18:28:45 2018

After SSl_write , time is Wed Jul  4 18:28:45 2018



**********************************
::----->ff02::1:ff6e:9ab3
targetip:2001:da8:266:f715:9582:c197:e76e:9ab3
ns报文 返回0
print ip:::--->ff02::1:ff6e:9ab3
target_addr:2001:da8:266:f715:9582:c197:e76e:9ab3
dad_mysql_login_my
mysql_init sucess
mysql_login_my success
dad_mysql_query
str=SELECT username FROM radpostauth WHERE callingstationid='c8-ff-28-23-da-df' ORDER BY authdate DESC
dad_mysql_get_user username:test@id.edu.cn
Tcp connected

rv of SSL_connect is 1
Connected with AES256-GCM-SHA384 encryption
Digital certificate information:
Certificate: /C=CH/ST=BEIJING/L=Default City/O=Default Company Ltd/CN=nidadmin
Issuer: /C=CH/ST=BEIJING/L=Default City/O=Default Company Ltd/CN=nidadmin
Before SSl_write , time is Wed Jul  4 18:28:45 2018

After SSl_write , time is Wed Jul  4 18:28:45 2018



**********************************
2001:da8:266:f715:8c29:ddfc:6624:3af1----->ff02::1
targetip:2001:da8:266:f715:8c29:ddfc:6624:3af1
targetip前两个字节target_str:2001:
na报文 返回0
print ip:2001:da8:266:f715:8c29:ddfc:6624:3af1--->ff02::1
target_addr:2001:da8:266:f715:8c29:ddfc:6624:3af1
dad_mysql_login_my
mysql_init sucess
mysql_login_my success
dad_mysql_query
str=SELECT username FROM radpostauth WHERE callingstationid='c8-ff-28-23-da-df' ORDER BY authdate DESC
dad_mysql_get_user username:test@id.edu.cn
Tcp connected

rv of SSL_connect is 1
Connected with AES256-GCM-SHA384 encryption
Digital certificate information:
Certificate: /C=CH/ST=BEIJING/L=Default City/O=Default Company Ltd/CN=nidadmin
Issuer: /C=CH/ST=BEIJING/L=Default City/O=Default Company Ltd/CN=nidadmin
Before SSl_write , time is Wed Jul  4 18:28:46 2018

After SSl_write , time is Wed Jul  4 18:28:46 2018



**********************************
2001:da8:266:f715:9582:c197:e76e:9ab3----->ff02::1
targetip:2001:da8:266:f715:9582:c197:e76e:9ab3
targetip前两个字节target_str:2001:
na报文 返回0
print ip:2001:da8:266:f715:9582:c197:e76e:9ab3--->ff02::1
target_addr:2001:da8:266:f715:9582:c197:e76e:9ab3
dad_mysql_login_my
mysql_init sucess
mysql_login_my success
dad_mysql_query
str=SELECT username FROM radpostauth WHERE callingstationid='c8-ff-28-23-da-df' ORDER BY authdate DESC
dad_mysql_get_user username:test@id.edu.cn
Tcp connected

rv of SSL_connect is 1
Connected with AES256-GCM-SHA384 encryption
Digital certificate information:
Certificate: /C=CH/ST=BEIJING/L=Default City/O=Default Company Ltd/CN=nidadmin
Issuer: /C=CH/ST=BEIJING/L=Default City/O=Default Company Ltd/CN=nidadmin
Before SSl_write , time is Wed Jul  4 18:28:46 2018

After SSl_write , time is Wed Jul  4 18:28:46 2018



**********************************
2001:da8:266:f501::80----->ff02::1
targetip:2001:da8:266:f501::80
targetip前两个字节target_str:2001:
na报文 返回0
print ip:2001:da8:266:f501::80--->ff02::1
target_addr:2001:da8:266:f501::80
dad_mysql_login_my
mysql_init sucess
mysql_login_my success
dad_mysql_query
str=SELECT username FROM radpostauth WHERE callingstationid='84-d9-31-20-ed-b8' ORDER BY authdate DESC


**********************************
2001:da8:266:f501::80----->ff02::1
targetip:2001:da8:266:f501::80
targetip前两个字节target_str:2001:
na报文 返回0
print ip:2001:da8:266:f501::80--->ff02::1
target_addr:2001:da8:266:f501::80
dad_mysql_login_my
mysql_init sucess
mysql_login_my success
dad_mysql_query
str=SELECT username FROM radpostauth WHERE callingstationid='84-d9-31-20-ed-b9' ORDER BY authdate DESC


**********************************
2001:da8:266:f715:8c29:ddfc:6624:3af1----->ff02::1
targetip:2001:da8:266:f715:8c29:ddfc:6624:3af1
targetip前两个字节target_str:2001:
na报文 返回0
print ip:2001:da8:266:f715:8c29:ddfc:6624:3af1--->ff02::1
target_addr:2001:da8:266:f715:8c29:ddfc:6624:3af1
dad_mysql_login_my
mysql_init sucess
mysql_login_my success
dad_mysql_query
str=SELECT username FROM radpostauth WHERE callingstationid='c8-ff-28-23-da-df' ORDER BY authdate DESC
dad_mysql_get_user username:test@id.edu.cn
Tcp connected

rv of SSL_connect is 1
Connected with AES256-GCM-SHA384 encryption
Digital certificate information:
Certificate: /C=CH/ST=BEIJING/L=Default City/O=Default Company Ltd/CN=nidadmin
Issuer: /C=CH/ST=BEIJING/L=Default City/O=Default Company Ltd/CN=nidadmin
Before SSl_write , time is Wed Jul  4 19:05:58 2018

After SSl_write , time is Wed Jul  4 19:05:58 2018



**********************************
2001:da8:266:f715:a9aa:bf6e:9a55:e075----->ff02::1
targetip:2001:da8:266:f715:a9aa:bf6e:9a55:e075
targetip前两个字节target_str:2001:
na报文 返回0
print ip:2001:da8:266:f715:a9aa:bf6e:9a55:e075--->ff02::1
target_addr:2001:da8:266:f715:a9aa:bf6e:9a55:e075
dad_mysql_login_my
mysql_init sucess
mysql_login_my success
dad_mysql_query
str=SELECT username FROM radpostauth WHERE callingstationid='c8-ff-28-23-da-df' ORDER BY authdate DESC
dad_mysql_get_user username:test@id.edu.cn
Tcp connected

rv of SSL_connect is 1
Connected with AES256-GCM-SHA384 encryption
Digital certificate information:
Certificate: /C=CH/ST=BEIJING/L=Default City/O=Default Company Ltd/CN=nidadmin
Issuer: /C=CH/ST=BEIJING/L=Default City/O=Default Company Ltd/CN=nidadmin
Before SSl_write , time is Wed Jul  4 19:05:58 2018

After SSl_write , time is Wed Jul  4 19:05:58 2018



**********************************
2001:da8:266:f501::80----->ff02::1
targetip:2001:da8:266:f501::80
targetip前两个字节target_str:2001:
na报文 返回0
print ip:2001:da8:266:f501::80--->ff02::1
target_addr:2001:da8:266:f501::80
dad_mysql_login_my
mysql_init sucess
mysql_login_my success
dad_mysql_query
str=SELECT username FROM radpostauth WHERE callingstationid='84-d9-31-20-ed-b9' ORDER BY authdate DESC


**********************************
2001:da8:266:f501::80----->ff02::1
targetip:2001:da8:266:f501::80
targetip前两个字节target_str:2001:
na报文 返回0
print ip:2001:da8:266:f501::80--->ff02::1
target_addr:2001:da8:266:f501::80
dad_mysql_login_my
mysql_init sucess
mysql_real_connect fail
