Got connect: ip = 211.68.122.41, port = 52854
Got connect: ip = 211.68.122.41, port = 52856
connect spend: 0.000000 sec
SSL_readn111111
nread:4,nleft:0
total_len:71
SSL_readn111111
nread:2,nleft:0
read_one_packet recvbuf->type:300,   ntohs(recvbuf->type):3
SSL_readn111111
nread:2,nleft:0
SSL_readn111111
nread:14,nleft:0
do_reply type:3
update_tuples
SSL_readn111111
nread:2,nleft:0
read_one_packet recvbuf->type:400,   ntohs(recvbuf->type):4
SSL_readn111111
nread:2,nleft:0
SSL_readn111111
nread:16,nleft:0
SSL_readn111111
nread:2,nleft:0
read_one_packet recvbuf->type:500,   ntohs(recvbuf->type):5
SSL_readn111111
nread:2,nleft:0
SSL_readn111111
nread:6,nleft:0
SSL_readn111111
nread:2,nleft:0
read_one_packet recvbuf->type:600,   ntohs(recvbuf->type):6
SSL_readn111111
nread:2,nleft:0
SSL_readn111111
nread:19,nleft:0
111111111username:test@id.edu.cn
11111111ipv6 addr:2001:da8:266:f715:7cfe:9c6a:3221:ce3f
111111111mac_addr_str:84EF181D3A71
1111111time:2018-06-27 23:12:24
mysql_login_my success
mysql_insert_info_to_radpostauth str_sql:insert into radpostauth(username,authdate,user_ipv6_address,user_mac) values('test@id.edu.cn','2018-06-27 23:12:24','2001:da8:266:f715:7cfe:9c6a:3221:ce3f','84EF181D3A71')
1 rows affected.
mysql_close
SSL_readn111111
total_len:71
client close
Got connect: ip = 211.68.122.41, port = 52854
Got connect: ip = 211.68.122.41, port = 52856
Got connect: ip = 211.68.122.41, port = 52859
connect spend: 0.000000 sec
SSL_readn111111
nread:4,nleft:0
total_len:71
SSL_readn111111
nread:2,nleft:0
read_one_packet recvbuf->type:300,   ntohs(recvbuf->type):3
SSL_readn111111
nread:2,nleft:0
SSL_readn111111
nread:14,nleft:0
do_reply type:3
update_tuples
SSL_readn111111
nread:2,nleft:0
read_one_packet recvbuf->type:400,   ntohs(recvbuf->type):4
SSL_readn111111
nread:2,nleft:0
SSL_readn111111
nread:16,nleft:0
SSL_readn111111
nread:2,nleft:0
read_one_packet recvbuf->type:500,   ntohs(recvbuf->type):5
SSL_readn111111
nread:2,nleft:0
SSL_readn111111
nread:6,nleft:0
SSL_readn111111
nread:2,nleft:0
read_one_packet recvbuf->type:600,   ntohs(recvbuf->type):6
SSL_readn111111
nread:2,nleft:0
SSL_readn111111
nread:19,nleft:0
111111111username:test@id.edu.cn
11111111ipv6 addr:2001:da8:266:f715:109a:4d5:ec77:aa8d
111111111mac_addr_str:84EF181D3A71
1111111time:2018-06-27 23:12:24
mysql_login_my success
mysql_insert_info_to_radpostauth str_sql:insert into radpostauth(username,authdate,user_ipv6_address,user_mac) values('test@id.edu.cn','2018-06-27 23:12:24','2001:da8:266:f715:109a:4d5:ec77:aa8d','84EF181D3A71')
1 rows affected.
mysql_close
SSL_readn111111
total_len:71
client close
Got connect: ip = 211.68.122.41, port = 52854
Got connect: ip = 211.68.122.41, port = 52856
Got connect: ip = 211.68.122.41, port = 52859
Got connect: ip = 211.68.122.41, port = 52862
connect spend: 0.000000 sec
SSL_readn111111
nread:4,nleft:0
total_len:71
SSL_readn111111
nread:2,nleft:0
read_one_packet recvbuf->type:300,   ntohs(recvbuf->type):3
SSL_readn111111
nread:2,nleft:0
SSL_readn111111
nread:14,nleft:0
do_reply type:3
update_tuples
SSL_readn111111
nread:2,nleft:0
read_one_packet recvbuf->type:400,   ntohs(recvbuf->type):4
SSL_readn111111
nread:2,nleft:0
SSL_readn111111
nread:16,nleft:0
SSL_readn111111
nread:2,nleft:0
read_one_packet recvbuf->type:500,   ntohs(recvbuf->type):5
SSL_readn111111
nread:2,nleft:0
SSL_readn111111
nread:6,nleft:0
SSL_readn111111
nread:2,nleft:0
read_one_packet recvbuf->type:600,   ntohs(recvbuf->type):6
SSL_readn111111
nread:2,nleft:0
SSL_readn111111
nread:19,nleft:0
111111111username:test@id.edu.cn
11111111ipv6 addr:2001:da8:266:f715:7cfe:9c6a:3221:ce3f
111111111mac_addr_str:84EF181D3A71
1111111time:2018-06-27 23:12:25
mysql_login_my success
mysql_insert_info_to_radpostauth str_sql:insert into radpostauth(username,authdate,user_ipv6_address,user_mac) values('test@id.edu.cn','2018-06-27 23:12:25','2001:da8:266:f715:7cfe:9c6a:3221:ce3f','84EF181D3A71')
1 rows affected.
mysql_close
SSL_readn111111
total_len:71
client close
Got connect: ip = 211.68.122.41, port = 52854
Got connect: ip = 211.68.122.41, port = 52856
Got connect: ip = 211.68.122.41, port = 52859
Got connect: ip = 211.68.122.41, port = 52862
Got connect: ip = 211.68.122.41, port = 52865
connect spend: 0.000000 sec
SSL_readn111111
nread:4,nleft:0
total_len:71
SSL_readn111111
nread:2,nleft:0
read_one_packet recvbuf->type:300,   ntohs(recvbuf->type):3
SSL_readn111111
nread:2,nleft:0
SSL_readn111111
nread:14,nleft:0
do_reply type:3
update_tuples
SSL_readn111111
nread:2,nleft:0
read_one_packet recvbuf->type:400,   ntohs(recvbuf->type):4
SSL_readn111111
nread:2,nleft:0
SSL_readn111111
nread:16,nleft:0
SSL_readn111111
nread:2,nleft:0
read_one_packet recvbuf->type:500,   ntohs(recvbuf->type):5
SSL_readn111111
nread:2,nleft:0
SSL_readn111111
nread:6,nleft:0
SSL_readn111111
nread:2,nleft:0
read_one_packet recvbuf->type:600,   ntohs(recvbuf->type):6
SSL_readn111111
nread:2,nleft:0
SSL_readn111111
nread:19,nleft:0
111111111username:test@id.edu.cn
11111111ipv6 addr:2001:da8:266:f715:109a:4d5:ec77:aa8d
111111111mac_addr_str:84EF181D3A71
1111111time:2018-06-27 23:12:25
mysql_login_my success
mysql_insert_info_to_radpostauth str_sql:insert into radpostauth(username,authdate,user_ipv6_address,user_mac) values('test@id.edu.cn','2018-06-27 23:12:25','2001:da8:266:f715:109a:4d5:ec77:aa8d','84EF181D3A71')
1 rows affected.
mysql_close
SSL_readn111111
total_len:71
client close
Got connect: ip = 211.68.122.41, port = 52854
Got connect: ip = 211.68.122.41, port = 52856
Got connect: ip = 211.68.122.41, port = 52859
Got connect: ip = 211.68.122.41, port = 52862
Got connect: ip = 211.68.122.41, port = 52865
Got connect: ip = 211.68.122.41, port = 52868
connect spend: 0.000000 sec
SSL_readn111111
nread:4,nleft:0
total_len:71
SSL_readn111111
nread:2,nleft:0
read_one_packet recvbuf->type:300,   ntohs(recvbuf->type):3
SSL_readn111111
nread:2,nleft:0
SSL_readn111111
nread:14,nleft:0
do_reply type:3
update_tuples
SSL_readn111111
nread:2,nleft:0
read_one_packet recvbuf->type:400,   ntohs(recvbuf->type):4
SSL_readn111111
nread:2,nleft:0
SSL_readn111111
nread:16,nleft:0
SSL_readn111111
nread:2,nleft:0
read_one_packet recvbuf->type:500,   ntohs(recvbuf->type):5
SSL_readn111111
nread:2,nleft:0
SSL_readn111111
nread:6,nleft:0
SSL_readn111111
nread:2,nleft:0
read_one_packet recvbuf->type:600,   ntohs(recvbuf->type):6
SSL_readn111111
nread:2,nleft:0
SSL_readn111111
nread:19,nleft:0
111111111username:test@id.edu.cn
11111111ipv6 addr:2001:da8:266:f715:1485:283f:d7c6:ac6
111111111mac_addr_str:2CB43A90817A
1111111time:2018-06-27 23:13:45
mysql_login_my success
mysql_insert_info_to_radpostauth str_sql:insert into radpostauth(username,authdate,user_ipv6_address,user_mac) values('test@id.edu.cn','2018-06-27 23:13:45','2001:da8:266:f715:1485:283f:d7c6:ac6','2CB43A90817A')
1 rows affected.
mysql_close
SSL_readn111111
total_len:71
client close
Got connect: ip = 211.68.122.41, port = 52854
Got connect: ip = 211.68.122.41, port = 52856
Got connect: ip = 211.68.122.41, port = 52859
Got connect: ip = 211.68.122.41, port = 52862
Got connect: ip = 211.68.122.41, port = 52865
Got connect: ip = 211.68.122.41, port = 52868
Got connect: ip = 211.68.122.41, port = 52871
connect spend: 0.000000 sec
SSL_readn111111
nread:4,nleft:0
total_len:71
SSL_readn111111
nread:2,nleft:0
read_one_packet recvbuf->type:300,   ntohs(recvbuf->type):3
SSL_readn111111
nread:2,nleft:0
SSL_readn111111
nread:14,nleft:0
do_reply type:3
update_tuples
SSL_readn111111
nread:2,nleft:0
read_one_packet recvbuf->type:400,   ntohs(recvbuf->type):4
SSL_readn111111
nread:2,nleft:0
SSL_readn111111
nread:16,nleft:0
SSL_readn111111
nread:2,nleft:0
read_one_packet recvbuf->type:500,   ntohs(recvbuf->type):5
SSL_readn111111
nread:2,nleft:0
SSL_readn111111
nread:6,nleft:0
SSL_readn111111
nread:2,nleft:0
read_one_packet recvbuf->type:600,   ntohs(recvbuf->type):6
SSL_readn111111
nread:2,nleft:0
SSL_readn111111
nread:19,nleft:0
111111111username:test@id.edu.cn
11111111ipv6 addr:2001:da8:266:f715:b8bc:2f99:945e:b3c3
111111111mac_addr_str:2CB43A90817A
1111111time:2018-06-27 23:13:45
mysql_login_my success
mysql_insert_info_to_radpostauth str_sql:insert into radpostauth(username,authdate,user_ipv6_address,user_mac) values('test@id.edu.cn','2018-06-27 23:13:45','2001:da8:266:f715:b8bc:2f99:945e:b3c3','2CB43A90817A')
1 rows affected.
mysql_close
SSL_readn111111
total_len:71
client close
